<?xml version="1.0" encoding="UTF-8"?>
<testsuites name="Tests_Facebook" time="43" tests="6" failures="0" errors="0">
   <testsuite name="Tests_Facebook" tests="6" failures="0" errors="0" time="43" timestamp="2018-01-27 23:09:23" hostname="DESKTOP-VM72U7U$ - DESKTOP-VM72U7U" id="Test Suites/Tests_Facebook">
      <properties>
         <property name="deviceName" value=""/>
         <property name="devicePlatform" value=""/>
         <property name="logFolder" value="E:\\Katalon\\Facebook\\Reports\\Tests_Facebook\\20180127_230923"/>
         <property name="logFiles" value="E:\\Katalon\\Facebook\\Reports\\Tests_Facebook\\20180127_230923\\execution0.log"/>
         <property name="attachments" value=""/>
         <property name="hostName" value="DESKTOP-VM72U7U$ - DESKTOP-VM72U7U"/>
         <property name="os" value="Windows 10 64bit"/>
         <property name="katalonVersion" value="5.3.0.1"/>
         <property name="browser" value="Chrome 63.0.3239.132"/>
         <property name="hostAddress" value="192.168.88.52"/>
         <property name="sessionId" value="c2edeee50c9735ac5960cc884fabc514"/>
         <property name="seleniumVersion" value="3.7.1"/>
         <property name="proxyInformation" value="ProxyInformation{proxyOption=NO_PROXY, proxyServerType=HTTP, password=, proxyServerAddress=, proxyServerPort=0}"/>
         <property name="platform" value="Windows 10"/>
      </properties>
      <testcase name="Test Cases/Login Successful Case" classname="Test Cases/Login Successful Case" status="PASSED">
         <system-out><![CDATA[2018-01-27 23:09:24 - [TEST_CASE][PASSED] - Test Cases/Login Successful Case: Test Cases/Login Successful Case

2018-01-27 23:09:24 - [TEST_STEP][PASSED] - openBrowser: Browser is opened with url: ''

2018-01-27 23:09:26 - [MESSAGE][PASSED] - Browser is opened with url: ''

2018-01-27 23:09:26 - [TEST_STEP][PASSED] - navigateToUrl: Navigate to 'https://www.facebook.com/' successfully

2018-01-27 23:09:29 - [MESSAGE][PASSED] - Navigate to 'https://www.facebook.com/' successfully

2018-01-27 23:09:29 - [TEST_STEP][PASSED] - setText: Text 'slowwyCH@gmail.com' is set on object 'Object Repository/Page_Facebook -/input_email'

2018-01-27 23:09:29 - [MESSAGE][PASSED] - Text 'slowwyCH@gmail.com' is set on object 'Object Repository/Page_Facebook -/input_email'

2018-01-27 23:09:29 - [TEST_STEP][PASSED] - setText: Text '099987752' is set on object 'Object Repository/Page_Facebook -/input_pass'

2018-01-27 23:09:29 - [MESSAGE][PASSED] - Text '099987752' is set on object 'Object Repository/Page_Facebook -/input_pass'

2018-01-27 23:09:29 - [TEST_STEP][PASSED] - click: Object: 'Object Repository/Page_Facebook -/label_loginbutton' is clicked on

2018-01-27 23:09:33 - [MESSAGE][PASSED] - Object: 'Object Repository/Page_Facebook -/label_loginbutton' is clicked on

2018-01-27 23:09:33 - [TEST_STEP][PASSED] - verifyTextPresent: Text 'Nymproriz Oz' is present on page 

2018-01-27 23:09:33 - [MESSAGE][PASSED] - Text 'Nymproriz Oz' is present on page 

2018-01-27 23:09:33 - [TEST_STEP][PASSED] - closeBrowser: Browser is closed

2018-01-27 23:09:34 - [MESSAGE][PASSED] - Browser is closed]]></system-out>
         <system-err><![CDATA[]]></system-err>
      </testcase>
      <testcase name="Test Cases/Login Invalid Email Case" classname="Test Cases/Login Invalid Email Case" status="PASSED">
         <system-out><![CDATA[2018-01-27 23:09:34 - [TEST_CASE][PASSED] - Test Cases/Login Invalid Email Case: Test Cases/Login Invalid Email Case

2018-01-27 23:09:34 - [TEST_STEP][PASSED] - openBrowser: Browser is opened with url: ''

2018-01-27 23:09:36 - [MESSAGE][PASSED] - Browser is opened with url: ''

2018-01-27 23:09:36 - [TEST_STEP][PASSED] - navigateToUrl: Navigate to 'https://www.facebook.com/' successfully

2018-01-27 23:09:38 - [MESSAGE][PASSED] - Navigate to 'https://www.facebook.com/' successfully

2018-01-27 23:09:38 - [TEST_STEP][PASSED] - setText: Text 'slowwyCH1@gmail.com' is set on object 'Object Repository/Page_Facebook -/Page_Facebook -/input_email'

2018-01-27 23:09:38 - [MESSAGE][PASSED] - Text 'slowwyCH1@gmail.com' is set on object 'Object Repository/Page_Facebook -/Page_Facebook -/input_email'

2018-01-27 23:09:38 - [TEST_STEP][PASSED] - setText: Text '099987752' is set on object 'Object Repository/Page_Facebook -/Page_Facebook -/input_pass'

2018-01-27 23:09:38 - [MESSAGE][PASSED] - Text '099987752' is set on object 'Object Repository/Page_Facebook -/Page_Facebook -/input_pass'

2018-01-27 23:09:38 - [TEST_STEP][PASSED] - click: Object: 'Object Repository/Page_Facebook -/Page_Facebook -/label_loginbutton' is clicked on

2018-01-27 23:09:40 - [MESSAGE][PASSED] - Object: 'Object Repository/Page_Facebook -/Page_Facebook -/label_loginbutton' is clicked on

2018-01-27 23:09:40 - [TEST_STEP][PASSED] - verifyTextPresent: Text 'อีเมลที่คุณป้อนไม่ตรงกับบัญชีผู้ใช้ใดๆ' is present on page 

2018-01-27 23:09:40 - [MESSAGE][PASSED] - Text 'อีเมลที่คุณป้อนไม่ตรงกับบัญชีผู้ใช้ใดๆ' is present on page 

2018-01-27 23:09:40 - [TEST_STEP][PASSED] - closeBrowser: Browser is closed

2018-01-27 23:09:40 - [MESSAGE][PASSED] - Browser is closed]]></system-out>
         <system-err><![CDATA[]]></system-err>
      </testcase>
      <testcase name="Test Cases/Login Invalid Password Case" classname="Test Cases/Login Invalid Password Case" status="PASSED">
         <system-out><![CDATA[2018-01-27 23:09:40 - [TEST_CASE][PASSED] - Test Cases/Login Invalid Password Case: Test Cases/Login Invalid Password Case

2018-01-27 23:09:40 - [TEST_STEP][PASSED] - openBrowser: Browser is opened with url: ''

2018-01-27 23:09:42 - [MESSAGE][PASSED] - Browser is opened with url: ''

2018-01-27 23:09:42 - [TEST_STEP][PASSED] - navigateToUrl: Navigate to 'https://www.facebook.com/' successfully

2018-01-27 23:09:44 - [MESSAGE][PASSED] - Navigate to 'https://www.facebook.com/' successfully

2018-01-27 23:09:44 - [TEST_STEP][PASSED] - setText: Text 'slowwyCH@gmail.com' is set on object 'Object Repository/Page_Facebook - (1)/input_email'

2018-01-27 23:09:44 - [MESSAGE][PASSED] - Text 'slowwyCH@gmail.com' is set on object 'Object Repository/Page_Facebook - (1)/input_email'

2018-01-27 23:09:44 - [TEST_STEP][PASSED] - setText: Text '099987751' is set on object 'Object Repository/Page_Facebook - (1)/input_pass'

2018-01-27 23:09:44 - [MESSAGE][PASSED] - Text '099987751' is set on object 'Object Repository/Page_Facebook - (1)/input_pass'

2018-01-27 23:09:44 - [TEST_STEP][PASSED] - click: Object: 'Object Repository/Page_Facebook - (1)/label_loginbutton' is clicked on

2018-01-27 23:09:47 - [MESSAGE][PASSED] - Object: 'Object Repository/Page_Facebook - (1)/label_loginbutton' is clicked on

2018-01-27 23:09:47 - [TEST_STEP][PASSED] - verifyTextPresent: Text 'คุณได้ป้อนรหัสผ่านเก่า' is present on page 

2018-01-27 23:09:47 - [MESSAGE][PASSED] - Text 'คุณได้ป้อนรหัสผ่านเก่า' is present on page 

2018-01-27 23:09:47 - [TEST_STEP][PASSED] - closeBrowser: Browser is closed

2018-01-27 23:09:48 - [MESSAGE][PASSED] - Browser is closed]]></system-out>
         <system-err><![CDATA[]]></system-err>
      </testcase>
      <testcase name="Test Cases/Login Empty Email and Password" classname="Test Cases/Login Empty Email and Password" status="PASSED">
         <system-out><![CDATA[2018-01-27 23:09:48 - [TEST_CASE][PASSED] - Test Cases/Login Empty Email and Password: Test Cases/Login Empty Email and Password

2018-01-27 23:09:48 - [TEST_STEP][PASSED] - openBrowser: Browser is opened with url: ''

2018-01-27 23:09:50 - [MESSAGE][PASSED] - Browser is opened with url: ''

2018-01-27 23:09:50 - [TEST_STEP][PASSED] - navigateToUrl: Navigate to 'https://www.facebook.com/' successfully

2018-01-27 23:09:52 - [MESSAGE][PASSED] - Navigate to 'https://www.facebook.com/' successfully

2018-01-27 23:09:52 - [TEST_STEP][PASSED] - click: Object: 'Object Repository/Page_Facebook -/Page_Facebook -/label_loginbutton' is clicked on

2018-01-27 23:09:53 - [MESSAGE][PASSED] - Object: 'Object Repository/Page_Facebook -/Page_Facebook -/label_loginbutton' is clicked on

2018-01-27 23:09:53 - [TEST_STEP][PASSED] - verifyTextPresent: Text 'อีเมลหรือหมายเลขโทรศัพท์ที่คุณป้อนไม่ตรงกับบัญชีผู้ใช้ใดๆ' is present on page 

2018-01-27 23:09:53 - [MESSAGE][PASSED] - Text 'อีเมลหรือหมายเลขโทรศัพท์ที่คุณป้อนไม่ตรงกับบัญชีผู้ใช้ใดๆ' is present on page 

2018-01-27 23:09:53 - [TEST_STEP][PASSED] - closeBrowser: Browser is closed

2018-01-27 23:09:54 - [MESSAGE][PASSED] - Browser is closed]]></system-out>
         <system-err><![CDATA[]]></system-err>
      </testcase>
      <testcase name="Test Cases/Login Empty Email" classname="Test Cases/Login Empty Email" status="PASSED">
         <system-out><![CDATA[2018-01-27 23:09:54 - [TEST_CASE][PASSED] - Test Cases/Login Empty Email: Test Cases/Login Empty Email

2018-01-27 23:09:54 - [TEST_STEP][PASSED] - openBrowser: Browser is opened with url: ''

2018-01-27 23:09:56 - [MESSAGE][PASSED] - Browser is opened with url: ''

2018-01-27 23:09:56 - [TEST_STEP][PASSED] - navigateToUrl: Navigate to 'https://www.facebook.com/' successfully

2018-01-27 23:09:58 - [MESSAGE][PASSED] - Navigate to 'https://www.facebook.com/' successfully

2018-01-27 23:09:58 - [TEST_STEP][PASSED] - setText: Text '099987751' is set on object 'Object Repository/Page_Facebook -/Page_Facebook -/input_pass'

2018-01-27 23:09:58 - [MESSAGE][PASSED] - Text '099987751' is set on object 'Object Repository/Page_Facebook -/Page_Facebook -/input_pass'

2018-01-27 23:09:58 - [TEST_STEP][PASSED] - click: Object: 'Object Repository/Page_Facebook -/Page_Facebook -/label_loginbutton' is clicked on

2018-01-27 23:09:59 - [MESSAGE][PASSED] - Object: 'Object Repository/Page_Facebook -/Page_Facebook -/label_loginbutton' is clicked on

2018-01-27 23:09:59 - [TEST_STEP][PASSED] - verifyTextPresent: Text 'อีเมลหรือหมายเลขโทรศัพท์ที่คุณป้อนไม่ตรงกับบัญชีผู้ใช้ใดๆ' is present on page 

2018-01-27 23:09:59 - [MESSAGE][PASSED] - Text 'อีเมลหรือหมายเลขโทรศัพท์ที่คุณป้อนไม่ตรงกับบัญชีผู้ใช้ใดๆ' is present on page 

2018-01-27 23:09:59 - [TEST_STEP][PASSED] - closeBrowser: Browser is closed

2018-01-27 23:10:00 - [MESSAGE][PASSED] - Browser is closed]]></system-out>
         <system-err><![CDATA[]]></system-err>
      </testcase>
      <testcase name="Test Cases/Login Empty Password" classname="Test Cases/Login Empty Password" status="PASSED">
         <system-out><![CDATA[2018-01-27 23:10:00 - [TEST_CASE][PASSED] - Test Cases/Login Empty Password: Test Cases/Login Empty Password

2018-01-27 23:10:00 - [TEST_STEP][PASSED] - openBrowser: Browser is opened with url: ''

2018-01-27 23:10:02 - [MESSAGE][PASSED] - Browser is opened with url: ''

2018-01-27 23:10:02 - [TEST_STEP][PASSED] - navigateToUrl: Navigate to 'https://www.facebook.com/' successfully

2018-01-27 23:10:04 - [MESSAGE][PASSED] - Navigate to 'https://www.facebook.com/' successfully

2018-01-27 23:10:04 - [TEST_STEP][PASSED] - setText: Text 'SlowwyCH@gmail.com' is set on object 'Object Repository/Page_Facebook -/Page_Facebook -/input_email'

2018-01-27 23:10:04 - [MESSAGE][PASSED] - Text 'SlowwyCH@gmail.com' is set on object 'Object Repository/Page_Facebook -/Page_Facebook -/input_email'

2018-01-27 23:10:04 - [TEST_STEP][PASSED] - click: Object: 'Object Repository/Page_Facebook -/Page_Facebook -/label_loginbutton' is clicked on

2018-01-27 23:10:06 - [MESSAGE][PASSED] - Object: 'Object Repository/Page_Facebook -/Page_Facebook -/label_loginbutton' is clicked on

2018-01-27 23:10:06 - [TEST_STEP][PASSED] - verifyTextPresent: Text 'รหัสผ่านที่คุณป้อนไม่ถุกต้อง' is present on page 

2018-01-27 23:10:06 - [MESSAGE][PASSED] - Text 'รหัสผ่านที่คุณป้อนไม่ถุกต้อง' is present on page 

2018-01-27 23:10:06 - [TEST_STEP][PASSED] - closeBrowser: Browser is closed

2018-01-27 23:10:07 - [MESSAGE][PASSED] - Browser is closed]]></system-out>
         <system-err><![CDATA[]]></system-err>
      </testcase>
      <system-out><![CDATA[2018-01-27 23:09:23 - [TEST_SUITE][PASSED] - Tests_Facebook: Test Cases/Login Empty Password]]></system-out>
      <system-err><![CDATA[]]></system-err>
   </testsuite>
</testsuites>
